INT                 int                 
ID                  main                
LBRKT               (                   
VOID                void                
RBRKT               )                   
LCLYBRKT            {                   
INT                 int                 
ILLEGALID           123int              
ASSIGN              =                   
ILLEGALID           0x10hex             
MOD                 %                   
NUM                 12                  
SEMICOLON           ;                   
INT                 int                 
NUM                 123                 
ASSIGN              =                   
ILLEGALID           123legal            
OTHER               ?                   
ID                  identifier          
SEMICOLON           ;                   
OTHER               @                   
OTHER               $                   
INT                 int                 
OTHER               ~                   
OTHER               $                   
OTHER               ^                   
ILLEGALID           123integer          
OTHER               ?                   
OTHER               \                   
ASSIGN              =                   
OTHER               ~                   
NUM                 2                   
OTHER               $                   
NUM                 1                   
SEMICOLON           ;                   
RETURN              return              
NUM                 0                   
SEMICOLON           ;                   
RCLYBRKT            }                   
